{"numTotalTestSuites":2,"numPassedTestSuites":2,"numFailedTestSuites":0,"numPendingTestSuites":0,"numTotalTests":25,"numPassedTests":3,"numFailedTests":0,"numPendingTests":22,"numTodoTests":0,"snapshot":{"added":0,"failure":false,"filesAdded":0,"filesRemoved":0,"filesRemovedList":[],"filesUnmatched":0,"filesUpdated":0,"matched":0,"total":0,"unchecked":0,"uncheckedKeysByFile":[],"unmatched":0,"updated":0,"didUpdate":false},"startTime":1776477489117,"success":true,"testResults":[{"assertionResults":[{"ancestorTitles":["ReasoningTimeline transcript rendering"],"fullName":"ReasoningTimeline transcript rendering renders transcript parts without avatar-like decoration markup","status":"skipped","title":"renders transcript parts without avatar-like decoration markup","failureMessages":[],"meta":{}},{"ancestorTitles":["ReasoningTimeline transcript rendering"],"fullName":"ReasoningTimeline transcript rendering adds role-specific alignment classes for user and assistant messages","status":"skipped","title":"adds role-specific alignment classes for user and assistant messages","failureMessages":[],"meta":{}},{"ancestorTitles":["ReasoningTimeline transcript rendering"],"fullName":"ReasoningTimeline transcript rendering renders user prompts as compact cards and assistant content as flat markdown flow","status":"skipped","title":"renders user prompts as compact cards and assistant content as flat markdown flow","failureMessages":[],"meta":{}},{"ancestorTitles":["ReasoningTimeline transcript rendering"],"fullName":"ReasoningTimeline transcript rendering renders only supplied session segments without duplicating the current run base transcript","status":"skipped","title":"renders only supplied session segments without duplicating the current run base transcript","failureMessages":[],"meta":{}},{"ancestorTitles":["ReasoningTimeline transcript rendering"],"fullName":"ReasoningTimeline transcript rendering renders from stable projected read model without requiring whole-transcript rerender inputs","status":"skipped","title":"renders from stable projected read model without requiring whole-transcript rerender inputs","failureMessages":[],"meta":{}},{"ancestorTitles":["ReasoningTimeline transcript rendering"],"fullName":"ReasoningTimeline transcript rendering renders updated live tail from incremental transcript projection debug state","status":"skipped","title":"renders updated live tail from incremental transcript projection debug state","failureMessages":[],"meta":{}},{"ancestorTitles":["ReasoningTimeline transcript rendering"],"fullName":"ReasoningTimeline transcript rendering renders final answer after inline reasoning and tool process parts","status":"skipped","title":"renders final answer after inline reasoning and tool process parts","failureMessages":[],"meta":{}},{"ancestorTitles":["ReasoningTimeline transcript rendering"],"fullName":"ReasoningTimeline transcript rendering renders one user article and one assistant article with inline process flow for a single run","status":"skipped","title":"renders one user article and one assistant article with inline process flow for a single run","failureMessages":[],"meta":{}},{"ancestorTitles":["ReasoningTimeline transcript rendering"],"fullName":"ReasoningTimeline transcript rendering keeps the assistant article stable across streaming growth and terminal finalize","status":"passed","title":"keeps the assistant article stable across streaming growth and terminal finalize","duration":112.35670000000027,"failureMessages":[],"meta":{}},{"ancestorTitles":["ReasoningTimeline transcript rendering"],"fullName":"ReasoningTimeline transcript rendering does not rerender historical list during active tail updates","status":"skipped","title":"does not rerender historical list during active tail updates","failureMessages":[],"meta":{}},{"ancestorTitles":["ReasoningTimeline transcript rendering"],"fullName":"ReasoningTimeline transcript rendering flushes active tail markdown immediately on revision updates and terminal state","status":"passed","title":"flushes active tail markdown immediately on revision updates and terminal state","duration":35.433899999999994,"failureMessages":[],"meta":{}},{"ancestorTitles":["ReasoningTimeline transcript rendering"],"fullName":"ReasoningTimeline transcript rendering keeps scroll detached until latest message button is clicked","status":"skipped","title":"keeps scroll detached until latest message button is clicked","failureMessages":[],"meta":{}},{"ancestorTitles":["ReasoningTimeline transcript rendering"],"fullName":"ReasoningTimeline transcript rendering aligns a new live assistant answer to the top of the viewport instead of jumping to the tail","status":"skipped","title":"aligns a new live assistant answer to the top of the viewport instead of jumping to the tail","failureMessages":[],"meta":{}},{"ancestorTitles":["ReasoningTimeline transcript rendering"],"fullName":"ReasoningTimeline transcript rendering renders reasoning and suppresses tool parts in the main transcript","status":"skipped","title":"renders reasoning and suppresses tool parts in the main transcript","failureMessages":[],"meta":{}},{"ancestorTitles":["ReasoningTimeline transcript rendering"],"fullName":"ReasoningTimeline transcript rendering renders merged assistant text chunks as one displayed assistant message","status":"skipped","title":"renders merged assistant text chunks as one displayed assistant message","failureMessages":[],"meta":{}},{"ancestorTitles":["ReasoningTimeline transcript rendering"],"fullName":"ReasoningTimeline transcript rendering keeps exactly one user bubble and one assistant bubble for adversarial mixed-order transcript","status":"skipped","title":"keeps exactly one user bubble and one assistant bubble for adversarial mixed-order transcript","failureMessages":[],"meta":{}},{"ancestorTitles":["ReasoningTimeline transcript rendering"],"fullName":"ReasoningTimeline transcript rendering deduplicates adjacent assistant text parts with the same anchor","status":"skipped","title":"deduplicates adjacent assistant text parts with the same anchor","failureMessages":[],"meta":{}},{"ancestorTitles":["ReasoningTimeline transcript rendering"],"fullName":"ReasoningTimeline transcript rendering renders one continuous assistant text block when message ids churn before completion","status":"passed","title":"renders one continuous assistant text block when message ids churn before completion","duration":29.234800000000178,"failureMessages":[],"meta":{}},{"ancestorTitles":["ReasoningTimeline transcript rendering"],"fullName":"ReasoningTimeline transcript rendering keeps active assistant DOM boundary stable across tail-only updates","status":"skipped","title":"keeps active assistant DOM boundary stable across tail-only updates","failureMessages":[],"meta":{}},{"ancestorTitles":["ReasoningTimeline transcript rendering"],"fullName":"ReasoningTimeline transcript rendering renders exactly one assistant article when one run emits multiple semantic message ids","status":"skipped","title":"renders exactly one assistant article when one run emits multiple semantic message ids","failureMessages":[],"meta":{}},{"ancestorTitles":["ReasoningTimeline transcript rendering"],"fullName":"ReasoningTimeline transcript rendering marks transcript messages with actions as focusable hover targets for action visibility","status":"skipped","title":"marks transcript messages with actions as focusable hover targets for action visibility","failureMessages":[],"meta":{}},{"ancestorTitles":["ReasoningTimeline transcript rendering"],"fullName":"ReasoningTimeline transcript rendering emits correlated render traces without changing visible transcript rendering","status":"skipped","title":"emits correlated render traces without changing visible transcript rendering","failureMessages":[],"meta":{}},{"ancestorTitles":["ReasoningTimeline transcript rendering"],"fullName":"ReasoningTimeline transcript rendering keeps transcript action controls hidden by default and reveals them only on hover or focus-within selectors","status":"skipped","title":"keeps transcript action controls hidden by default and reveals them only on hover or focus-within selectors","failureMessages":[],"meta":{}},{"ancestorTitles":["ReasoningTimeline transcript rendering"],"fullName":"ReasoningTimeline transcript rendering includes latest-message affordance and conversation viewport styling hooks","status":"skipped","title":"includes latest-message affordance and conversation viewport styling hooks","failureMessages":[],"meta":{}},{"ancestorTitles":["ReasoningTimeline transcript rendering"],"fullName":"ReasoningTimeline transcript rendering uses tighter transcript spacing tokens for adjacent messages","status":"skipped","title":"uses tighter transcript spacing tokens for adjacent messages","failureMessages":[],"meta":{}}],"startTime":1776477491526,"endTime":1776477491703.2349,"status":"passed","message":"","name":"D:/projects/googlepluginForAiwebassistant/extension/src/sidepanel/reasoningTimelineView.test.tsx"}]}