{"numTotalTestSuites":2,"numPassedTestSuites":2,"numFailedTestSuites":0,"numPendingTestSuites":0,"numTotalTests":25,"numPassedTests":25,"numFailedTests":0,"numPendingTests":0,"numTodoTests":0,"snapshot":{"added":0,"failure":false,"filesAdded":0,"filesRemoved":0,"filesRemovedList":[],"filesUnmatched":0,"filesUpdated":0,"matched":0,"total":0,"unchecked":0,"uncheckedKeysByFile":[],"unmatched":0,"updated":0,"didUpdate":false},"startTime":1776448076669,"success":true,"testResults":[{"assertionResults":[{"ancestorTitles":["ReasoningTimeline transcript rendering"],"fullName":"ReasoningTimeline transcript rendering renders transcript parts without avatar-like decoration markup","status":"passed","title":"renders transcript parts without avatar-like decoration markup","duration":105.26189999999997,"failureMessages":[],"meta":{}},{"ancestorTitles":["ReasoningTimeline transcript rendering"],"fullName":"ReasoningTimeline transcript rendering adds role-specific alignment classes for user and assistant messages","status":"passed","title":"adds role-specific alignment classes for user and assistant messages","duration":28.16080000000011,"failureMessages":[],"meta":{}},{"ancestorTitles":["ReasoningTimeline transcript rendering"],"fullName":"ReasoningTimeline transcript rendering renders user prompts as compact cards and assistant content as flat markdown flow","status":"passed","title":"renders user prompts as compact cards and assistant content as flat markdown flow","duration":21.05679999999984,"failureMessages":[],"meta":{}},{"ancestorTitles":["ReasoningTimeline transcript rendering"],"fullName":"ReasoningTimeline transcript rendering renders only supplied session segments without duplicating the current run base transcript","status":"passed","title":"renders only supplied session segments without duplicating the current run base transcript","duration":30.33550000000014,"failureMessages":[],"meta":{}},{"ancestorTitles":["ReasoningTimeline transcript rendering"],"fullName":"ReasoningTimeline transcript rendering renders from stable projected read model without requiring whole-transcript rerender inputs","status":"passed","title":"renders from stable projected read model without requiring whole-transcript rerender inputs","duration":28.889900000000125,"failureMessages":[],"meta":{}},{"ancestorTitles":["ReasoningTimeline transcript rendering"],"fullName":"ReasoningTimeline transcript rendering renders updated live tail from incremental transcript projection debug state","status":"passed","title":"renders updated live tail from incremental transcript projection debug state","duration":21.846900000000005,"failureMessages":[],"meta":{}},{"ancestorTitles":["ReasoningTimeline transcript rendering"],"fullName":"ReasoningTimeline transcript rendering renders final answer after inline reasoning and tool process parts","status":"passed","title":"renders final answer after inline reasoning and tool process parts","duration":30.93690000000015,"failureMessages":[],"meta":{}},{"ancestorTitles":["ReasoningTimeline transcript rendering"],"fullName":"ReasoningTimeline transcript rendering renders one user article and one assistant article with inline process flow for a single run","status":"passed","title":"renders one user article and one assistant article with inline process flow for a single run","duration":36.8112000000001,"failureMessages":[],"meta":{}},{"ancestorTitles":["ReasoningTimeline transcript rendering"],"fullName":"ReasoningTimeline transcript rendering keeps the assistant article stable across streaming growth and terminal finalize","status":"passed","title":"keeps the assistant article stable across streaming growth and terminal finalize","duration":63.60490000000027,"failureMessages":[],"meta":{}},{"ancestorTitles":["ReasoningTimeline transcript rendering"],"fullName":"ReasoningTimeline transcript rendering does not rerender historical list during active tail updates","status":"passed","title":"does not rerender historical list during active tail updates","duration":1400.4819000000002,"failureMessages":[],"meta":{}},{"ancestorTitles":["ReasoningTimeline transcript rendering"],"fullName":"ReasoningTimeline transcript rendering flushes active tail markdown immediately on revision updates and terminal state","status":"passed","title":"flushes active tail markdown immediately on revision updates and terminal state","duration":34.157500000000255,"failureMessages":[],"meta":{}},{"ancestorTitles":["ReasoningTimeline transcript rendering"],"fullName":"ReasoningTimeline transcript rendering keeps scroll detached until latest message button is clicked","status":"passed","title":"keeps scroll detached until latest message button is clicked","duration":34.19200000000001,"failureMessages":[],"meta":{}},{"ancestorTitles":["ReasoningTimeline transcript rendering"],"fullName":"ReasoningTimeline transcript rendering aligns a new live assistant answer to the top of the viewport instead of jumping to the tail","status":"passed","title":"aligns a new live assistant answer to the top of the viewport instead of jumping to the tail","duration":14.707600000000639,"failureMessages":[],"meta":{}},{"ancestorTitles":["ReasoningTimeline transcript rendering"],"fullName":"ReasoningTimeline transcript rendering renders reasoning and suppresses tool parts in the main transcript","status":"passed","title":"renders reasoning and suppresses tool parts in the main transcript","duration":16.743500000000495,"failureMessages":[],"meta":{}},{"ancestorTitles":["ReasoningTimeline transcript rendering"],"fullName":"ReasoningTimeline transcript rendering renders merged assistant text chunks as one displayed assistant message","status":"passed","title":"renders merged assistant text chunks as one displayed assistant message","duration":9.616799999999785,"failureMessages":[],"meta":{}},{"ancestorTitles":["ReasoningTimeline transcript rendering"],"fullName":"ReasoningTimeline transcript rendering keeps exactly one user bubble and one assistant bubble for adversarial mixed-order transcript","status":"passed","title":"keeps exactly one user bubble and one assistant bubble for adversarial mixed-order transcript","duration":20.34810000000016,"failureMessages":[],"meta":{}},{"ancestorTitles":["ReasoningTimeline transcript rendering"],"fullName":"ReasoningTimeline transcript rendering deduplicates adjacent assistant text parts with the same anchor","status":"passed","title":"deduplicates adjacent assistant text parts with the same anchor","duration":9.85149999999976,"failureMessages":[],"meta":{}},{"ancestorTitles":["ReasoningTimeline transcript rendering"],"fullName":"ReasoningTimeline transcript rendering renders one continuous assistant text block when message ids churn before completion","status":"passed","title":"renders one continuous assistant text block when message ids churn before completion","duration":22.747699999999895,"failureMessages":[],"meta":{}},{"ancestorTitles":["ReasoningTimeline transcript rendering"],"fullName":"ReasoningTimeline transcript rendering keeps active assistant DOM boundary stable across tail-only updates","status":"passed","title":"keeps active assistant DOM boundary stable across tail-only updates","duration":20.57220000000052,"failureMessages":[],"meta":{}},{"ancestorTitles":["ReasoningTimeline transcript rendering"],"fullName":"ReasoningTimeline transcript rendering renders exactly one assistant article when one run emits multiple semantic message ids","status":"passed","title":"renders exactly one assistant article when one run emits multiple semantic message ids","duration":15.282900000000154,"failureMessages":[],"meta":{}},{"ancestorTitles":["ReasoningTimeline transcript rendering"],"fullName":"ReasoningTimeline transcript rendering marks transcript messages with actions as focusable hover targets for action visibility","status":"passed","title":"marks transcript messages with actions as focusable hover targets for action visibility","duration":16.90310000000045,"failureMessages":[],"meta":{}},{"ancestorTitles":["ReasoningTimeline transcript rendering"],"fullName":"ReasoningTimeline transcript rendering emits correlated render traces without changing visible transcript rendering","status":"passed","title":"emits correlated render traces without changing visible transcript rendering","duration":17.86500000000069,"failureMessages":[],"meta":{}},{"ancestorTitles":["ReasoningTimeline transcript rendering"],"fullName":"ReasoningTimeline transcript rendering keeps transcript action controls hidden by default and reveals them only on hover or focus-within selectors","status":"passed","title":"keeps transcript action controls hidden by default and reveals them only on hover or focus-within selectors","duration":1.5237999999999374,"failureMessages":[],"meta":{}},{"ancestorTitles":["ReasoningTimeline transcript rendering"],"fullName":"ReasoningTimeline transcript rendering includes latest-message affordance and conversation viewport styling hooks","status":"passed","title":"includes latest-message affordance and conversation viewport styling hooks","duration":1.4447000000000116,"failureMessages":[],"meta":{}},{"ancestorTitles":["ReasoningTimeline transcript rendering"],"fullName":"ReasoningTimeline transcript rendering uses tighter transcript spacing tokens for adjacent messages","status":"passed","title":"uses tighter transcript spacing tokens for adjacent messages","duration":1.3028999999996813,"failureMessages":[],"meta":{}}],"startTime":1776448079961,"endTime":1776448081966.303,"status":"passed","message":"","name":"D:/projects/googlepluginForAiwebassistant/extension/src/sidepanel/reasoningTimelineView.test.tsx"}]}