{"numTotalTestSuites":38,"numPassedTestSuites":38,"numFailedTestSuites":0,"numPendingTestSuites":0,"numTotalTests":235,"numPassedTests":235,"numFailedTests":0,"numPendingTests":0,"numTodoTests":0,"snapshot":{"added":0,"failure":false,"filesAdded":0,"filesRemoved":0,"filesRemovedList":[],"filesUnmatched":0,"filesUpdated":0,"matched":0,"total":0,"unchecked":0,"uncheckedKeysByFile":[],"unmatched":0,"updated":0,"didUpdate":false},"startTime":1777795187363,"success":true,"testResults":[{"assertionResults":[{"ancestorTitles":["background rule-driven capture flow"],"fullName":"background rule-driven capture flow returns explicit error when no rule matches current page","status":"passed","title":"returns explicit error when no rule matches current page","duration":378.06100000000015,"failureMessages":[],"meta":{}},{"ancestorTitles":["background rule-driven capture flow"],"fullName":"background rule-driven capture flow treats development loopback pages as authorized active contexts","status":"passed","title":"treats development loopback pages as authorized active contexts","duration":29.08909999999969,"failureMessages":[],"meta":{}},{"ancestorTitles":["background rule-driven capture flow"],"fullName":"background rule-driven capture flow injects content script and packages captured fields with the run start request","status":"passed","title":"injects content script and packages captured fields with the run start request","duration":38.74800000000005,"failureMessages":[],"meta":{}},{"ancestorTitles":["background rule-driven capture flow"],"fullName":"background rule-driven capture flow returns explicit permission error when capture-bearing run start is not authorized","status":"passed","title":"returns explicit permission error when capture-bearing run start is not authorized","duration":40.79179999999997,"failureMessages":[],"meta":{}},{"ancestorTitles":["background rule-driven capture flow"],"fullName":"background rule-driven capture flow starts run without capture when send is decoupled from page collection","status":"passed","title":"starts run without capture when send is decoupled from page collection","duration":27.14130000000023,"failureMessages":[],"meta":{}},{"ancestorTitles":["background rule-driven capture flow"],"fullName":"background rule-driven capture flow reuses existing captured fields on send without triggering a fresh page capture","status":"passed","title":"reuses existing captured fields on send without triggering a fresh page capture","duration":48.10080000000016,"failureMessages":[],"meta":{}},{"ancestorTitles":["background rule-driven capture flow"],"fullName":"background rule-driven capture flow reuses START_RUN orchestration when retry metadata is present","status":"passed","title":"reuses START_RUN orchestration when retry metadata is present","duration":26.470100000000002,"failureMessages":[],"meta":{}},{"ancestorTitles":["background rule-driven capture flow"],"fullName":"background rule-driven capture flow persists selected main agent and stamps new runs with the effective agent","status":"passed","title":"persists selected main agent and stamps new runs with the effective agent","duration":561.3797,"failureMessages":[],"meta":{}},{"ancestorTitles":["background rule-driven capture flow"],"fullName":"background rule-driven capture flow clears active session when CLEAR_RESULT is triggered","status":"passed","title":"clears active session when CLEAR_RESULT is triggered","duration":33.63090000000011,"failureMessages":[],"meta":{}},{"ancestorTitles":["background rule-driven capture flow"],"fullName":"background rule-driven capture flow protects GET_USERNAME_CONTEXT with ready handshake and single controlled retry","status":"passed","title":"protects GET_USERNAME_CONTEXT with ready handshake and single controlled retry","duration":30.10149999999976,"failureMessages":[],"meta":{}},{"ancestorTitles":["background rule-driven capture flow"],"fullName":"background rule-driven capture flow keeps embedded panel toggle working across injection race","status":"passed","title":"keeps embedded panel toggle working across injection race","duration":23.7503999999999,"failureMessages":[],"meta":{}},{"ancestorTitles":["background rule-driven capture flow"],"fullName":"background rule-driven capture flow persists synced live run state from the sidepanel","status":"passed","title":"persists synced live run state from the sidepanel","duration":25.342200000000048,"failureMessages":[],"meta":{}},{"ancestorTitles":["background rule-driven capture flow"],"fullName":"background rule-driven capture flow rejects stale replayed sidepanel snapshots for the same run","status":"passed","title":"rejects stale replayed sidepanel snapshots for the same run","duration":26.596300000000156,"failureMessages":[],"meta":{}},{"ancestorTitles":["background rule-driven capture flow"],"fullName":"background rule-driven capture flow returns context with controlled permission request and activeTab fallback hint","status":"passed","title":"returns context with controlled permission request and activeTab fallback hint","duration":23.035499999999956,"failureMessages":[],"meta":{}}],"startTime":1777795190792,"endTime":1777795192107.0354,"status":"passed","message":"","name":"D:/projects/googlepluginForAiwebassistant/extension/src/background/index.test.ts"},{"assertionResults":[{"ancestorTitles":["side panel host permission request flow"],"fullName":"side panel host permission request flow requests host permission directly in side panel and refreshes granted state","status":"passed","title":"requests host permission directly in side panel and refreshes granted state","duration":290.70899999999983,"failureMessages":[],"meta":{}},{"ancestorTitles":["side panel host permission request flow"],"fullName":"side panel host permission request flow surfaces the host permission action before the collapsed context panel when permission is missing","status":"passed","title":"surfaces the host permission action before the collapsed context panel when permission is missing","duration":83.3107,"failureMessages":[],"meta":{}},{"ancestorTitles":["side panel host permission request flow"],"fullName":"side panel host permission request flow keeps the authorize-current-domain CTA visible in both main stage callout and header","status":"passed","title":"keeps the authorize-current-domain CTA visible in both main stage callout and header","duration":147.48160000000007,"failureMessages":[],"meta":{}},{"ancestorTitles":["side panel host permission request flow"],"fullName":"side panel host permission request flow keeps rules configuration center collapsed by default and expands on explicit user action","status":"passed","title":"keeps rules configuration center collapsed by default and expands on explicit user action","duration":97.46049999999923,"failureMessages":[],"meta":{}},{"ancestorTitles":["side panel host permission request flow"],"fullName":"side panel host permission request flow keeps the permission callout visible with rebuild guidance when the current build cannot request this host","status":"passed","title":"keeps the permission callout visible with rebuild guidance when the current build cannot request this host","duration":45.77820000000065,"failureMessages":[],"meta":{}},{"ancestorTitles":["side panel host permission request flow"],"fullName":"side panel host permission request flow falls back to hostname when permission origin is unavailable","status":"passed","title":"falls back to hostname when permission origin is unavailable","duration":70.04539999999997,"failureMessages":[],"meta":{}},{"ancestorTitles":["side panel host permission request flow"],"fullName":"side panel host permission request flow shows explicit error when user rejects the permission prompt","status":"passed","title":"shows explicit error when user rejects the permission prompt","duration":101.04770000000008,"failureMessages":[],"meta":{}},{"ancestorTitles":["side panel host permission request flow"],"fullName":"side panel host permission request flow shows explicit error when permission API throws","status":"passed","title":"shows explicit error when permission API throws","duration":107.59310000000005,"failureMessages":[],"meta":{}},{"ancestorTitles":["side panel host permission request flow"],"fullName":"side panel host permission request flow allows sending without triggering page capture","status":"passed","title":"allows sending without triggering page capture","duration":122.58390000000054,"failureMessages":[],"meta":{}},{"ancestorTitles":["side panel host permission request flow"],"fullName":"side panel host permission request flow stores the returned session id when a follow-up run starts","status":"passed","title":"stores the returned session id when a follow-up run starts","duration":153.94819999999982,"failureMessages":[],"meta":{}},{"ancestorTitles":["side panel host permission request flow"],"fullName":"side panel host permission request flow keeps earlier same-session turns visible after a follow-up run starts","status":"passed","title":"keeps earlier same-session turns visible after a follow-up run starts","duration":216.2514000000001,"failureMessages":[],"meta":{}},{"ancestorTitles":["side panel host permission request flow"],"fullName":"side panel host permission request flow keeps previous same-session transcript visible while history reload catches up to a new run","status":"passed","title":"keeps previous same-session transcript visible while history reload catches up to a new run","duration":245.7458000000006,"failureMessages":[],"meta":{}},{"ancestorTitles":["side panel host permission request flow"],"fullName":"side panel host permission request flow does not refresh history on every live event and preserves visible transcript until debounced reload","status":"passed","title":"does not refresh history on every live event and preserves visible transcript until debounced reload","duration":327.7666999999992,"failureMessages":[],"meta":{}},{"ancestorTitles":["side panel host permission request flow"],"fullName":"side panel host permission request flow keeps historical transcript visible while current live tail grows incrementally","status":"passed","title":"keeps historical transcript visible while current live tail grows incrementally","duration":330.1310000000003,"failureMessages":[],"meta":{}},{"ancestorTitles":["side panel host permission request flow"],"fullName":"side panel host permission request flow keeps a visible page capture entry working","status":"passed","title":"keeps a visible page capture entry working","duration":68.86339999999927,"failureMessages":[],"meta":{}},{"ancestorTitles":["side panel host permission request flow"],"fullName":"side panel host permission request flow shows capture in progress from the visible capture entry","status":"passed","title":"shows capture in progress from the visible capture entry","duration":60.412499999999454,"failureMessages":[],"meta":{}},{"ancestorTitles":["side panel host permission request flow"],"fullName":"side panel host permission request flow shows reconnecting status without surfacing a terminal error and returns to streaming after reopen","status":"passed","title":"shows reconnecting status without surfacing a terminal error and returns to streaming after reopen","duration":184.52219999999943,"failureMessages":[],"meta":{}},{"ancestorTitles":["side panel host permission request flow"],"fullName":"side panel host permission request flow keeps local run events when STATE_UPDATED carries empty events for the active run","status":"passed","title":"keeps local run events when STATE_UPDATED carries empty events for the active run","duration":4.317199999999502,"failureMessages":[],"meta":{}},{"ancestorTitles":["side panel host permission request flow"],"fullName":"side panel host permission request flow does not duplicate a replayed assistant body event in the current run state","status":"passed","title":"does not duplicate a replayed assistant body event in the current run state","duration":242.96450000000004,"failureMessages":[],"meta":{}},{"ancestorTitles":["side panel host permission request flow"],"fullName":"side panel host permission request flow replaces the in-memory assistant body when the same run sequence is replayed with a fuller snapshot","status":"passed","title":"replaces the in-memory assistant body when the same run sequence is replayed with a fuller snapshot","duration":170.52300000000105,"failureMessages":[],"meta":{}},{"ancestorTitles":["side panel host permission request flow"],"fullName":"side panel host permission request flow still syncs background state for a different run","status":"passed","title":"still syncs background state for a different run","duration":3.733799999999974,"failureMessages":[],"meta":{}},{"ancestorTitles":["side panel host permission request flow"],"fullName":"side panel host permission request flow keeps the final result state when a stale active-run update arrives after completion","status":"passed","title":"keeps the final result state when a stale active-run update arrives after completion","duration":3.4741999999987456,"failureMessages":[],"meta":{}},{"ancestorTitles":["side panel host permission request flow"],"fullName":"side panel host permission request flow keeps live run events stable after history rerenders","status":"passed","title":"keeps live run events stable after history rerenders","duration":196.53949999999895,"failureMessages":[],"meta":{}},{"ancestorTitles":["side panel host permission request flow"],"fullName":"side panel host permission request flow keeps the final assistant answer focused without surfacing tool transcript parts","status":"passed","title":"keeps the final assistant answer focused without surfacing tool transcript parts","duration":96.21860000000015,"failureMessages":[],"meta":{}},{"ancestorTitles":["side panel host permission request flow"],"fullName":"side panel host permission request flow shows persisted final output without surfacing projected tool content","status":"passed","title":"shows persisted final output without surfacing projected tool content","duration":102.51080000000002,"failureMessages":[],"meta":{}},{"ancestorTitles":["side panel host permission request flow"],"fullName":"side panel host permission request flow renders complete assistant text when same run emits delayed response after result","status":"passed","title":"renders complete assistant text when same run emits delayed response after result","duration":80.09399999999914,"failureMessages":[],"meta":{}},{"ancestorTitles":["side panel host permission request flow"],"fullName":"side panel host permission request flow does not show completion copy when background sends done without terminal evidence","status":"passed","title":"does not show completion copy when background sends done without terminal evidence","duration":118.99009999999907,"failureMessages":[],"meta":{}},{"ancestorTitles":["side panel host permission request flow"],"fullName":"side panel host permission request flow does not accept same-run done status without terminal evidence","status":"passed","title":"does not accept same-run done status without terminal evidence","duration":5.1031999999995605,"failureMessages":[],"meta":{}},{"ancestorTitles":["side panel host permission request flow"],"fullName":"side panel host permission request flow does not regress done UI state after result when later history rerenders occur","status":"passed","title":"does not regress done UI state after result when later history rerenders occur","duration":187.03740000000107,"failureMessages":[],"meta":{}},{"ancestorTitles":["side panel host permission request flow"],"fullName":"side panel host permission request flow does not show tool-call-only transcript blocks in the session UI","status":"passed","title":"does not show tool-call-only transcript blocks in the session UI","duration":157.13949999999932,"failureMessages":[],"meta":{}},{"ancestorTitles":["side panel host permission request flow"],"fullName":"side panel host permission request flow shows completed summary after terminal result evidence even if the raw stream status flips back to streaming","status":"passed","title":"shows completed summary after terminal result evidence even if the raw stream status flips back to streaming","duration":146.03889999999956,"failureMessages":[],"meta":{}},{"ancestorTitles":["side panel host permission request flow"],"fullName":"side panel host permission request flow shows user-meaningful thinking inline while streaming","status":"passed","title":"shows user-meaningful thinking inline while streaming","duration":146.34200000000055,"failureMessages":[],"meta":{}},{"ancestorTitles":["side panel host permission request flow"],"fullName":"side panel host permission request flow suppresses aggregated orchestration thinking events in the transcript","status":"passed","title":"suppresses aggregated orchestration thinking events in the transcript","duration":61.294299999999566,"failureMessages":[],"meta":{}},{"ancestorTitles":["side panel host permission request flow"],"fullName":"side panel host permission request flow shows final answer in history detail with projected reasoning steps","status":"passed","title":"shows final answer in history detail with projected reasoning steps","duration":129.11239999999998,"failureMessages":[],"meta":{}},{"ancestorTitles":["side panel host permission request flow"],"fullName":"side panel host permission request flow hides session progress copy while keeping meaningful history thinking","status":"passed","title":"hides session progress copy while keeping meaningful history thinking","duration":112.40959999999905,"failureMessages":[],"meta":{}},{"ancestorTitles":["side panel host permission request flow"],"fullName":"side panel host permission request flow shows the final answer after question events complete","status":"passed","title":"shows the final answer after question events complete","duration":131.89969999999994,"failureMessages":[],"meta":{}},{"ancestorTitles":["side panel host permission request flow"],"fullName":"side panel host permission request flow renders chat-first shell cues in both live and history sections","status":"passed","title":"renders chat-first shell cues in both live and history sections","duration":75.32920000000013,"failureMessages":[],"meta":{}},{"ancestorTitles":["side panel host permission request flow"],"fullName":"side panel host permission request flow keeps completed runs focused on the main answer without extra summary blocks","status":"passed","title":"keeps completed runs focused on the main answer without extra summary blocks","duration":89.21709999999985,"failureMessages":[],"meta":{}},{"ancestorTitles":["side panel host permission request flow"],"fullName":"side panel host permission request flow shows awaiting-input stage language when a live follow-up question is pending","status":"passed","title":"shows awaiting-input stage language when a live follow-up question is pending","duration":82.11939999999959,"failureMessages":[],"meta":{}},{"ancestorTitles":["side panel host permission request flow"],"fullName":"side panel host permission request flow renders persistent icon bar entries for drawers","status":"passed","title":"renders persistent icon bar entries for drawers","duration":45.96320000000014,"failureMessages":[],"meta":{}},{"ancestorTitles":["side panel host permission request flow"],"fullName":"side panel host permission request flow renders current main agent control for the configured single agent","status":"passed","title":"renders current main agent control for the configured single agent","duration":91.96830000000045,"failureMessages":[],"meta":{}},{"ancestorTitles":["side panel host permission request flow"],"fullName":"side panel host permission request flow shows the main agent menu in an overlay and closes after selection","status":"passed","title":"shows the main agent menu in an overlay and closes after selection","duration":206.5113999999994,"failureMessages":[],"meta":{}},{"ancestorTitles":["side panel host permission request flow"],"fullName":"side panel host permission request flow keeps drawers collapsed by default","status":"passed","title":"keeps drawers collapsed by default","duration":49.27349999999933,"failureMessages":[],"meta":{}},{"ancestorTitles":["side panel host permission request flow"],"fullName":"side panel host permission request flow switches drawers with single-open behavior","status":"passed","title":"switches drawers with single-open behavior","duration":153.85709999999926,"failureMessages":[],"meta":{}},{"ancestorTitles":["side panel host permission request flow"],"fullName":"side panel host permission request flow keeps composer draft when opening and closing drawers","status":"passed","title":"keeps composer draft when opening and closing drawers","duration":94.04089999999997,"failureMessages":[],"meta":{}},{"ancestorTitles":["side panel host permission request flow"],"fullName":"side panel host permission request flow keeps main stage continuity while run drawer opens and closes","status":"passed","title":"keeps main stage continuity while run drawer opens and closes","duration":176.77900000000045,"failureMessages":[],"meta":{}},{"ancestorTitles":["side panel host permission request flow"],"fullName":"side panel host permission request flow stays on a blank draft session after clicking new session even when history exists","status":"passed","title":"stays on a blank draft session after clicking new session even when history exists","duration":252.65840000000026,"failureMessages":[],"meta":{}},{"ancestorTitles":["side panel host permission request flow"],"fullName":"side panel host permission request flow renders send affordance as bottom-right paper-plane button","status":"passed","title":"renders send affordance as bottom-right paper-plane button","duration":113.90699999999924,"failureMessages":[],"meta":{}},{"ancestorTitles":["side panel host permission request flow"],"fullName":"side panel host permission request flow exports diagnostics for the selected run","status":"passed","title":"exports diagnostics for the selected run","duration":118.0069999999996,"failureMessages":[],"meta":{}},{"ancestorTitles":["side panel host permission request flow"],"fullName":"side panel host permission request flow shows part-local action buttons for terminal assistant content","status":"passed","title":"shows part-local action buttons for terminal assistant content","duration":116.29329999999936,"failureMessages":[],"meta":{}},{"ancestorTitles":["side panel host permission request flow"],"fullName":"side panel host permission request flow retries by starting a new run with the original user question","status":"passed","title":"retries by starting a new run with the original user question","duration":154.54219999999987,"failureMessages":[],"meta":{}},{"ancestorTitles":["side panel host permission request flow"],"fullName":"side panel host permission request flow submits feedback and shows submitted state in the UI","status":"passed","title":"submits feedback and shows submitted state in the UI","duration":107.08240000000114,"failureMessages":[],"meta":{}},{"ancestorTitles":["side panel host permission request flow"],"fullName":"side panel host permission request flow shows feedback failure state in the UI","status":"passed","title":"shows feedback failure state in the UI","duration":139.48179999999957,"failureMessages":[],"meta":{}},{"ancestorTitles":["side panel host permission request flow"],"fullName":"side panel host permission request flow clears the waiting question state immediately after answer submission","status":"passed","title":"clears the waiting question state immediately after answer submission","duration":200.70930000000044,"failureMessages":[],"meta":{}},{"ancestorTitles":["side panel host permission request flow"],"fullName":"side panel host permission request flow re-enables the send button after an assistant response completes","status":"passed","title":"re-enables the send button after an assistant response completes","duration":151.70479999999952,"failureMessages":[],"meta":{}},{"ancestorTitles":["side panel host permission request flow"],"fullName":"side panel host permission request flow keeps the send button enabled while waiting for a follow-up answer","status":"passed","title":"keeps the send button enabled while waiting for a follow-up answer","duration":86.77030000000013,"failureMessages":[],"meta":{}},{"ancestorTitles":["side panel host permission request flow"],"fullName":"side panel host permission request flow keeps the send button enabled for same-session follow-up when final output exists but status is still streaming","status":"passed","title":"keeps the send button enabled for same-session follow-up when final output exists but status is still streaming","duration":100.21939999999995,"failureMessages":[],"meta":{}},{"ancestorTitles":["side panel host permission request flow"],"fullName":"side panel host permission request flow renders assistant markdown in the same flat part stream while streaming deltas","status":"passed","title":"renders assistant markdown in the same flat part stream while streaming deltas","duration":126.85549999999967,"failureMessages":[],"meta":{}},{"ancestorTitles":["side panel host permission request flow"],"fullName":"side panel host permission request flow renders transcript parts on a unified vertical stream without chat-shell alignment hooks","status":"passed","title":"renders transcript parts on a unified vertical stream without chat-shell alignment hooks","duration":130.35070000000087,"failureMessages":[],"meta":{}},{"ancestorTitles":["side panel host permission request flow"],"fullName":"side panel host permission request flow updates assistant streaming text directly from transcript events without buffered typing","status":"passed","title":"updates assistant streaming text directly from transcript events without buffered typing","duration":215.64569999999912,"failureMessages":[],"meta":{}},{"ancestorTitles":["side panel host permission request flow"],"fullName":"side panel host permission request flow keeps tool-only streaming state in transcript body while hiding tool payload details","status":"passed","title":"keeps tool-only streaming state in transcript body while hiding tool payload details","duration":101.78499999999985,"failureMessages":[],"meta":{}},{"ancestorTitles":["side panel host permission request flow"],"fullName":"side panel host permission request flow renders transcript summary at the tail instead of role labels or status chips","status":"passed","title":"renders transcript summary at the tail instead of role labels or status chips","duration":96.18659999999909,"failureMessages":[],"meta":{}},{"ancestorTitles":["side panel host permission request flow"],"fullName":"side panel host permission request flow keeps pause resume follow-up inside the same transcript stream","status":"passed","title":"keeps pause resume follow-up inside the same transcript stream","duration":107.16179999999986,"failureMessages":[],"meta":{}},{"ancestorTitles":["side panel host permission request flow"],"fullName":"side panel host permission request flow does not render feed-external status nodes for live history and follow-up transcripts","status":"passed","title":"does not render feed-external status nodes for live history and follow-up transcripts","duration":127.75600000000122,"failureMessages":[],"meta":{}},{"ancestorTitles":["side panel host permission request flow"],"fullName":"side panel host permission request flow keeps follow-up output in the same flat stream while showing tool insertions","status":"passed","title":"keeps follow-up output in the same flat stream while showing tool insertions","duration":123.8056000000015,"failureMessages":[],"meta":{}},{"ancestorTitles":["side panel host permission request flow"],"fullName":"side panel host permission request flow keeps newer live assistant body when stale final output exists in active run state","status":"passed","title":"keeps newer live assistant body when stale final output exists in active run state","duration":99.95770000000084,"failureMessages":[],"meta":{}},{"ancestorTitles":["side panel host permission request flow"],"fullName":"side panel host permission request flow keeps one assistant article and visible inline process stream when current run message ids churn","status":"passed","title":"keeps one assistant article and visible inline process stream when current run message ids churn","duration":121.29830000000038,"failureMessages":[],"meta":{}},{"ancestorTitles":["side panel host permission request flow"],"fullName":"side panel host permission request flow does not render visible avatar role markers or message-card shells in transcript output","status":"passed","title":"does not render visible avatar role markers or message-card shells in transcript output","duration":151.86969999999928,"failureMessages":[],"meta":{}}],"startTime":1777795192703,"endTime":1777795201463.8696,"status":"passed","message":"","name":"D:/projects/googlepluginForAiwebassistant/extension/src/sidepanel/App.test.tsx"},{"assertionResults":[{"ancestorTitles":["sidepanel architecture acceptance"],"fullName":"sidepanel architecture acceptance TestCase2: hides transcript-part-tool in the main transcript while retaining user prompt, assistant text, and summary","status":"passed","title":"TestCase2: hides transcript-part-tool in the main transcript while retaining user prompt, assistant text, and summary","duration":277.4037000000003,"failureMessages":[],"meta":{}},{"ancestorTitles":["sidepanel architecture acceptance"],"fullName":"sidepanel architecture acceptance TestCase3: converges to completed summary once session.idle or result provides terminal evidence","status":"passed","title":"TestCase3: converges to completed summary once session.idle or result provides terminal evidence","duration":89.17230000000018,"failureMessages":[],"meta":{}},{"ancestorTitles":["sidepanel architecture acceptance"],"fullName":"sidepanel architecture acceptance TestCase4: shows captured page context in the visible session transcript before the assistant answer","status":"passed","title":"TestCase4: shows captured page context in the visible session transcript before the assistant answer","duration":122.99489999999969,"failureMessages":[],"meta":{}}],"startTime":1777795191564,"endTime":1777795192053.9949,"status":"passed","message":"","name":"D:/projects/googlepluginForAiwebassistant/extension/src/sidepanel/architecture.acceptance.test.tsx"},{"assertionResults":[{"ancestorTitles":["run diagnostics exporter"],"fullName":"run diagnostics exporter captures transcript visibility hints for hidden tool parts","status":"passed","title":"captures transcript visibility hints for hidden tool parts","duration":64.98019999999997,"failureMessages":[],"meta":{}},{"ancestorTitles":["run diagnostics exporter"],"fullName":"run diagnostics exporter formats a human-readable diagnostics log","status":"passed","title":"formats a human-readable diagnostics log","duration":20.91210000000001,"failureMessages":[],"meta":{}}],"startTime":1777795197461,"endTime":1777795197547.912,"status":"passed","message":"","name":"D:/projects/googlepluginForAiwebassistant/extension/src/sidepanel/diagnostics.test.ts"},{"assertionResults":[{"ancestorTitles":["missing architecture acceptance coverage"],"fullName":"missing architecture acceptance coverage 流式消息渲染的 UI 线程隔离 (防止卡死)","status":"passed","title":"流式消息渲染的 UI 线程隔离 (防止卡死)","duration":558.8292000000001,"failureMessages":[],"meta":{}},{"ancestorTitles":["missing architecture acceptance coverage"],"fullName":"missing architecture acceptance coverage 大数据量 Markdown 解析性能基准","status":"passed","title":"大数据量 Markdown 解析性能基准","duration":663.6678000000002,"failureMessages":[],"meta":{}},{"ancestorTitles":["missing architecture acceptance coverage"],"fullName":"missing architecture acceptance coverage 长会话内存管理与 DOM 负载优化","status":"passed","title":"长会话内存管理与 DOM 负载优化","duration":666.0877,"failureMessages":[],"meta":{}},{"ancestorTitles":["missing architecture acceptance coverage"],"fullName":"missing architecture acceptance coverage 高频 Tool-Call 事件的“节流”处理","status":"passed","title":"高频 Tool-Call 事件的“节流”处理","duration":72.98329999999987,"failureMessages":[],"meta":{}},{"ancestorTitles":["missing architecture acceptance coverage"],"fullName":"missing architecture acceptance coverage 从 streaming 降级态收敛到最终 Markdown 后，语义与交互不变","status":"passed","title":"从 streaming 降级态收敛到最终 Markdown 后，语义与交互不变","duration":100.02039999999943,"failureMessages":[],"meta":{}},{"ancestorTitles":["missing architecture acceptance coverage"],"fullName":"missing architecture acceptance coverage 最终大 Markdown 终态保真","status":"passed","title":"最终大 Markdown 终态保真","duration":470.2025000000003,"failureMessages":[],"meta":{}},{"ancestorTitles":["missing architecture acceptance coverage"],"fullName":"missing architecture acceptance coverage 人工追问事件（Question）的阻断性交互","status":"passed","title":"人工追问事件（Question）的阻断性交互","duration":80.78499999999985,"failureMessages":[],"meta":{}},{"ancestorTitles":["missing architecture acceptance coverage"],"fullName":"missing architecture acceptance coverage 会话历史（History）的本地持久化读取","status":"passed","title":"会话历史（History）的本地持久化读取","duration":55.078700000000026,"failureMessages":[],"meta":{}},{"ancestorTitles":["missing architecture acceptance coverage"],"fullName":"missing architecture acceptance coverage 诊断日志（Diagnostics）的导出完整性","status":"passed","title":"诊断日志（Diagnostics）的导出完整性","duration":74.44260000000031,"failureMessages":[],"meta":{}},{"ancestorTitles":["missing architecture acceptance coverage"],"fullName":"missing architecture acceptance coverage SSE 连接意外中断的容错处理","status":"passed","title":"SSE 连接意外中断的容错处理","duration":97.27989999999954,"failureMessages":[],"meta":{}},{"ancestorTitles":["missing architecture acceptance coverage"],"fullName":"missing architecture acceptance coverage 真实浏览器下的大 Markdown 流式交互无卡死","status":"passed","title":"真实浏览器下的大 Markdown 流式交互无卡死","duration":1353.0899,"failureMessages":[],"meta":{}},{"ancestorTitles":["missing architecture acceptance coverage"],"fullName":"missing architecture acceptance coverage 域名授权与访问控制逻辑","status":"passed","title":"域名授权与访问控制逻辑","duration":3.0107000000007247,"failureMessages":[],"meta":{}},{"ancestorTitles":["missing architecture acceptance coverage"],"fullName":"missing architecture acceptance coverage 未完成 Markdown 在 streaming 阶段的降级渲染策略","status":"passed","title":"未完成 Markdown 在 streaming 阶段的降级渲染策略","duration":49.92280000000028,"failureMessages":[],"meta":{}}],"startTime":1777795191689,"endTime":1777795195936.9229,"status":"passed","message":"","name":"D:/projects/googlepluginForAiwebassistant/extension/src/sidepanel/missingCriteria.acceptance.test.tsx"},{"assertionResults":[{"ancestorTitles":["sidepanel canonical run-event acceptance"],"fullName":"sidepanel canonical run-event acceptance accepts the first canonical event and records accepted frontier diagnostics","status":"passed","title":"accepts the first canonical event and records accepted frontier diagnostics","duration":15.108899999999721,"failureMessages":[],"meta":{}},{"ancestorTitles":["sidepanel canonical run-event acceptance"],"fullName":"sidepanel canonical run-event acceptance accepts later delta events for the same semantic part when sequence advances","status":"passed","title":"accepts later delta events for the same semantic part when sequence advances","duration":3.4947000000001935,"failureMessages":[],"meta":{}},{"ancestorTitles":["sidepanel canonical run-event acceptance"],"fullName":"sidepanel canonical run-event acceptance rejects same-sequence delta replays even when raw ids differ","status":"passed","title":"rejects same-sequence delta replays even when raw ids differ","duration":2.074999999999818,"failureMessages":[],"meta":{}},{"ancestorTitles":["sidepanel canonical run-event acceptance"],"fullName":"sidepanel canonical run-event acceptance rejects stale replay when the incoming sequence does not advance the contiguous frontier","status":"passed","title":"rejects stale replay when the incoming sequence does not advance the contiguous frontier","duration":2.4078999999996995,"failureMessages":[],"meta":{}},{"ancestorTitles":["sidepanel canonical run-event acceptance"],"fullName":"sidepanel canonical run-event acceptance classifies sequence gaps while still accepting monotonic frontier advance","status":"passed","title":"classifies sequence gaps while still accepting monotonic frontier advance","duration":1.99770000000035,"failureMessages":[],"meta":{}},{"ancestorTitles":["sidepanel canonical run-event acceptance"],"fullName":"sidepanel canonical run-event acceptance classifies out-of-order arrivals without duplicating accepted events","status":"passed","title":"classifies out-of-order arrivals without duplicating accepted events","duration":1.8067000000000917,"failureMessages":[],"meta":{}},{"ancestorTitles":["sidepanel canonical run-event acceptance"],"fullName":"sidepanel canonical run-event acceptance captures frontier before/after and sync-ready acceptance diagnostics for rejected events","status":"passed","title":"captures frontier before/after and sync-ready acceptance diagnostics for rejected events","duration":3.2323999999998705,"failureMessages":[],"meta":{}},{"ancestorTitles":["sidepanel canonical run-event acceptance"],"fullName":"sidepanel canonical run-event acceptance derives streaming final output from accepted assistant text events instead of stale persisted text","status":"passed","title":"derives streaming final output from accepted assistant text events instead of stale persisted text","duration":3.3048000000003412,"failureMessages":[],"meta":{}},{"ancestorTitles":["sidepanel canonical run-event acceptance"],"fullName":"sidepanel canonical run-event acceptance keeps the longer assistant text when delayed same-run text arrives after a result event","status":"passed","title":"keeps the longer assistant text when delayed same-run text arrives after a result event","duration":0.7083999999999833,"failureMessages":[],"meta":{}},{"ancestorTitles":["sidepanel canonical run-event acceptance"],"fullName":"sidepanel canonical run-event acceptance keeps lifecycle status done when non-terminal events arrive after a result","status":"passed","title":"keeps lifecycle status done when non-terminal events arrive after a result","duration":1.0480000000002292,"failureMessages":[],"meta":{}},{"ancestorTitles":["sidepanel canonical run-event acceptance"],"fullName":"sidepanel canonical run-event acceptance keeps lifecycle status error when non-terminal events arrive after an error","status":"passed","title":"keeps lifecycle status error when non-terminal events arrive after an error","duration":0.44830000000001746,"failureMessages":[],"meta":{}}],"startTime":1777795195040,"endTime":1777795195075.4482,"status":"passed","message":"","name":"D:/projects/googlepluginForAiwebassistant/extension/src/sidepanel/model.test.ts"},{"assertionResults":[{"ancestorTitles":["opencode raw event projector"],"fullName":"opencode raw event projector uses nested message IDs on text snapshots after buffered deltas and emits final result from session snapshot","status":"passed","title":"uses nested message IDs on text snapshots after buffered deltas and emits final result from session snapshot","duration":12.849499999999807,"failureMessages":[],"meta":{}},{"ancestorTitles":["opencode raw event projector"],"fullName":"opencode raw event projector projects raw question events into normalized question cards","status":"passed","title":"projects raw question events into normalized question cards","duration":1.939600000000155,"failureMessages":[],"meta":{}},{"ancestorTitles":["opencode raw event projector"],"fullName":"opencode raw event projector surfaces session idle and unknown opencode events in the session","status":"passed","title":"surfaces session idle and unknown opencode events in the session","duration":2.3200999999999112,"failureMessages":[],"meta":{}},{"ancestorTitles":["opencode raw event projector"],"fullName":"opencode raw event projector promotes session idle to a terminal result when assistant text has already arrived","status":"passed","title":"promotes session idle to a terminal result when assistant text has already arrived","duration":1.4185999999999694,"failureMessages":[],"meta":{}},{"ancestorTitles":["opencode raw event projector"],"fullName":"opencode raw event projector promotes session idle to a terminal result after text grows through deltas from an empty snapshot","status":"passed","title":"promotes session idle to a terminal result after text grows through deltas from an empty snapshot","duration":2.0268999999998414,"failureMessages":[],"meta":{}},{"ancestorTitles":["opencode raw event projector"],"fullName":"opencode raw event projector does not surface assistant metadata updates as duplicate visible messages","status":"passed","title":"does not surface assistant metadata updates as duplicate visible messages","duration":0.5199000000002343,"failureMessages":[],"meta":{}}],"startTime":1777795198851,"endTime":1777795198872.52,"status":"passed","message":"","name":"D:/projects/googlepluginForAiwebassistant/extension/src/sidepanel/opencodeRawEventProjector.test.ts"},{"assertionResults":[{"ancestorTitles":["question stream state"],"fullName":"question stream state hides historical question cards after the pending question is cleared","status":"passed","title":"hides historical question cards after the pending question is cleared","duration":3.6277000000000044,"failureMessages":[],"meta":{}},{"ancestorTitles":["question stream state"],"fullName":"question stream state tracks the latest pending question and clears it on completion events","status":"passed","title":"tracks the latest pending question and clears it on completion events","duration":0.7091000000000349,"failureMessages":[],"meta":{}},{"ancestorTitles":["question stream state"],"fullName":"question stream state reports whether the current run is still waiting on a live question","status":"passed","title":"reports whether the current run is still waiting on a live question","duration":0.5632000000000517,"failureMessages":[],"meta":{}}],"startTime":1777795201727,"endTime":1777795201732.5632,"status":"passed","message":"","name":"D:/projects/googlepluginForAiwebassistant/extension/src/sidepanel/questionState.test.ts"},{"assertionResults":[{"ancestorTitles":["ReasoningTimeline chrome sandbox transcript boundary"],"fullName":"ReasoningTimeline chrome sandbox transcript boundary renders exactly one user bubble and one assistant bubble for adversarial mixed-order stream","status":"passed","title":"renders exactly one user bubble and one assistant bubble for adversarial mixed-order stream","duration":236.89760000000024,"failureMessages":[],"meta":{}},{"ancestorTitles":["ReasoningTimeline chrome sandbox transcript boundary"],"fullName":"ReasoningTimeline chrome sandbox transcript boundary keeps the assistant article stable while mixed-order stream grows and then finalizes in sandbox","status":"passed","title":"keeps the assistant article stable while mixed-order stream grows and then finalizes in sandbox","duration":172.8113000000003,"failureMessages":[],"meta":{}}],"startTime":1777795191689,"endTime":1777795192098.8113,"status":"passed","message":"","name":"D:/projects/googlepluginForAiwebassistant/extension/src/sidepanel/reasoningTimeline.chromeSandbox.test.tsx"},{"assertionResults":[{"ancestorTitles":["reasoning timeline share-aligned transcript contract"],"fullName":"reasoning timeline share-aligned transcript contract projects source-ordered message parts into a flat part stream with tail summary","status":"passed","title":"projects source-ordered message parts into a flat part stream with tail summary","duration":27.501600000000053,"failureMessages":[],"meta":{}},{"ancestorTitles":["reasoning timeline share-aligned transcript contract"],"fullName":"reasoning timeline share-aligned transcript contract suppresses tool-call parts from the transcript stream by default","status":"passed","title":"suppresses tool-call parts from the transcript stream by default","duration":24.71160000000009,"failureMessages":[],"meta":{}},{"ancestorTitles":["reasoning timeline share-aligned transcript contract"],"fullName":"reasoning timeline share-aligned transcript contract surfaces captured run context in the visible transcript when the run carries capture metadata","status":"passed","title":"surfaces captured run context in the visible transcript when the run carries capture metadata","duration":4.330600000000231,"failureMessages":[],"meta":{}},{"ancestorTitles":["reasoning timeline share-aligned transcript contract"],"fullName":"reasoning timeline share-aligned transcript contract preserves distinct assistant messages in live transcript projection","status":"passed","title":"preserves distinct assistant messages in live transcript projection","duration":8.115400000000136,"failureMessages":[],"meta":{}},{"ancestorTitles":["reasoning timeline share-aligned transcript contract"],"fullName":"reasoning timeline share-aligned transcript contract can still include tool-call parts when explicitly requested","status":"passed","title":"can still include tool-call parts when explicitly requested","duration":3.876600000000053,"failureMessages":[],"meta":{}},{"ancestorTitles":["reasoning timeline share-aligned transcript contract"],"fullName":"reasoning timeline share-aligned transcript contract keeps follow-up pause resume on a single ordered transcript stream","status":"passed","title":"keeps follow-up pause resume on a single ordered transcript stream","duration":2.443699999999808,"failureMessages":[],"meta":{}},{"ancestorTitles":["reasoning timeline share-aligned transcript contract"],"fullName":"reasoning timeline share-aligned transcript contract builds transcript tail summary for pause resume and completion states","status":"passed","title":"builds transcript tail summary for pause resume and completion states","duration":1.658299999999599,"failureMessages":[],"meta":{}},{"ancestorTitles":["reasoning timeline share-aligned transcript contract"],"fullName":"reasoning timeline share-aligned transcript contract keeps transcript messages as a compatibility projection from the flat part contract","status":"passed","title":"keeps transcript messages as a compatibility projection from the flat part contract","duration":1.8718999999996413,"failureMessages":[],"meta":{}},{"ancestorTitles":["reasoning timeline share-aligned transcript contract"],"fullName":"reasoning timeline share-aligned transcript contract keeps newer assistant text ahead of stale final output","status":"passed","title":"keeps newer assistant text ahead of stale final output","duration":2.1464999999998327,"failureMessages":[],"meta":{}},{"ancestorTitles":["reasoning timeline share-aligned transcript contract"],"fullName":"reasoning timeline share-aligned transcript contract does not surface generic streaming copy as transcript content","status":"passed","title":"does not surface generic streaming copy as transcript content","duration":1.7610999999997148,"failureMessages":[],"meta":{}},{"ancestorTitles":["reasoning timeline share-aligned transcript contract"],"fullName":"reasoning timeline share-aligned transcript contract keeps reasoning visible while suppressing tool process parts in transcript projection","status":"passed","title":"keeps reasoning visible while suppressing tool process parts in transcript projection","duration":3.332799999999679,"failureMessages":[],"meta":{}},{"ancestorTitles":["reasoning timeline share-aligned transcript contract"],"fullName":"reasoning timeline share-aligned transcript contract hides orchestration-only thinking and tool chatter from the visible transcript","status":"passed","title":"hides orchestration-only thinking and tool chatter from the visible transcript","duration":6.387100000000373,"failureMessages":[],"meta":{}},{"ancestorTitles":["reasoning timeline share-aligned transcript contract"],"fullName":"reasoning timeline share-aligned transcript contract falls back to a meaningful tool title when the tool message is orchestration noise","status":"passed","title":"falls back to a meaningful tool title when the tool message is orchestration noise","duration":3.626800000000003,"failureMessages":[],"meta":{}},{"ancestorTitles":["reasoning timeline share-aligned transcript contract"],"fullName":"reasoning timeline share-aligned transcript contract suppresses internal Chinese session status fragments and fallback titles","status":"passed","title":"suppresses internal Chinese session status fragments and fallback titles","duration":4.199500000000171,"failureMessages":[],"meta":{}},{"ancestorTitles":["reasoning timeline share-aligned transcript contract"],"fullName":"reasoning timeline share-aligned transcript contract merges assistant text chunks by semantic message identity instead of raw adjacency","status":"passed","title":"merges assistant text chunks by semantic message identity instead of raw adjacency","duration":4.783300000000054,"failureMessages":[],"meta":{}},{"ancestorTitles":["reasoning timeline share-aligned transcript contract"],"fullName":"reasoning timeline share-aligned transcript contract coalesces split Chinese assistant fragments into one visible message","status":"passed","title":"coalesces split Chinese assistant fragments into one visible message","duration":10.546299999999974,"failureMessages":[],"meta":{}},{"ancestorTitles":["reasoning timeline share-aligned transcript contract"],"fullName":"reasoning timeline share-aligned transcript contract preserves one visible assistant transcript message across tool-interleaved streaming updates","status":"passed","title":"preserves one visible assistant transcript message across tool-interleaved streaming updates","duration":18.145899999999983,"failureMessages":[],"meta":{}},{"ancestorTitles":["reasoning timeline share-aligned transcript contract"],"fullName":"reasoning timeline share-aligned transcript contract prefers terminal answer text when leaked reasoning blocks are mixed into response deltas","status":"passed","title":"prefers terminal answer text when leaked reasoning blocks are mixed into response deltas","duration":3.933599999999842,"failureMessages":[],"meta":{}},{"ancestorTitles":["reasoning timeline share-aligned transcript contract"],"fullName":"reasoning timeline share-aligned transcript contract merges cumulative response snapshots without duplicating text","status":"passed","title":"merges cumulative response snapshots without duplicating text","duration":0.49000000000023647,"failureMessages":[],"meta":{}},{"ancestorTitles":["reasoning timeline share-aligned transcript contract"],"fullName":"reasoning timeline share-aligned transcript contract does not repeatedly append the full assistant snapshot during streaming updates","status":"passed","title":"does not repeatedly append the full assistant snapshot during streaming updates","duration":3.7820999999999003,"failureMessages":[],"meta":{}},{"ancestorTitles":["reasoning timeline share-aligned transcript contract"],"fullName":"reasoning timeline share-aligned transcript contract suppresses duplicate final assistant text when snapshot and result finalize the same message","status":"passed","title":"suppresses duplicate final assistant text when snapshot and result finalize the same message","duration":4.645800000000236,"failureMessages":[],"meta":{}},{"ancestorTitles":["reasoning timeline share-aligned transcript contract"],"fullName":"reasoning timeline share-aligned transcript contract dedupes adjacent assistant text snapshots when msg_ and prt_ anchors represent the same visible turn","status":"passed","title":"dedupes adjacent assistant text snapshots when msg_ and prt_ anchors represent the same visible turn","duration":3.4987999999998465,"failureMessages":[],"meta":{}},{"ancestorTitles":["reasoning timeline share-aligned transcript contract"],"fullName":"reasoning timeline share-aligned transcript contract replaces an earlier incomplete assistant snapshot with the fuller adjacent snapshot","status":"passed","title":"replaces an earlier incomplete assistant snapshot with the fuller adjacent snapshot","duration":1.9531999999999243,"failureMessages":[],"meta":{}},{"ancestorTitles":["reasoning timeline share-aligned transcript contract"],"fullName":"reasoning timeline share-aligned transcript contract splits a divergent terminal result into a new assistant message instead of overwriting the streamed text","status":"passed","title":"splits a divergent terminal result into a new assistant message instead of overwriting the streamed text","duration":5.771200000000135,"failureMessages":[],"meta":{}},{"ancestorTitles":["reasoning timeline share-aligned transcript contract"],"fullName":"reasoning timeline share-aligned transcript contract keeps one merged final answer when assistant message ids churn mid-run","status":"passed","title":"keeps one merged final answer when assistant message ids churn mid-run","duration":54.57249999999976,"failureMessages":[],"meta":{}},{"ancestorTitles":["reasoning timeline share-aligned transcript contract"],"fullName":"reasoning timeline share-aligned transcript contract preserves opencode-like bilingual markdown output without stripping headings","status":"passed","title":"preserves opencode-like bilingual markdown output without stripping headings","duration":0.8512999999998101,"failureMessages":[],"meta":{}},{"ancestorTitles":["reasoning timeline share-aligned transcript contract"],"fullName":"reasoning timeline share-aligned transcript contract keeps chinese upstream reasoning that happens to contain a later answer heading","status":"passed","title":"keeps chinese upstream reasoning that happens to contain a later answer heading","duration":4.7642000000000735,"failureMessages":[],"meta":{}},{"ancestorTitles":["reasoning timeline share-aligned transcript contract"],"fullName":"reasoning timeline share-aligned transcript contract dedupes reasoning parts when the same anchor drifts between assistant-message and fragment-group containers","status":"passed","title":"dedupes reasoning parts when the same anchor drifts between assistant-message and fragment-group containers","duration":4.3366000000000895,"failureMessages":[],"meta":{}},{"ancestorTitles":["reasoning timeline share-aligned transcript contract"],"fullName":"reasoning timeline share-aligned transcript contract does not swallow genuinely different adjacent assistant turns","status":"passed","title":"does not swallow genuinely different adjacent assistant turns","duration":4.410800000000108,"failureMessages":[],"meta":{}},{"ancestorTitles":["reasoning timeline share-aligned transcript contract"],"fullName":"reasoning timeline share-aligned transcript contract projects only the provided run segments without rebuilding a duplicate base transcript","status":"passed","title":"projects only the provided run segments without rebuilding a duplicate base transcript","duration":1.4278000000003885,"failureMessages":[],"meta":{}},{"ancestorTitles":["reasoning timeline share-aligned transcript contract"],"fullName":"reasoning timeline share-aligned transcript contract keeps historical transcript identity stable while live tail updates incrementally","status":"passed","title":"keeps historical transcript identity stable while live tail updates incrementally","duration":6.842200000000048,"failureMessages":[],"meta":{}},{"ancestorTitles":["reasoning timeline share-aligned transcript contract"],"fullName":"reasoning timeline share-aligned transcript contract dedupes overlapping historical and live assistant messages with the same logical anchor","status":"passed","title":"dedupes overlapping historical and live assistant messages with the same logical anchor","duration":48.710399999999936,"failureMessages":[],"meta":{}},{"ancestorTitles":["reasoning timeline share-aligned transcript contract"],"fullName":"reasoning timeline share-aligned transcript contract does not replay the full live event array when only a new delta arrives","status":"passed","title":"does not replay the full live event array when only a new delta arrives","duration":16.469300000000203,"failureMessages":[],"meta":{}},{"ancestorTitles":["reasoning timeline share-aligned transcript contract"],"fullName":"reasoning timeline share-aligned transcript contract falls back to rebuilding the live projection when the live event prefix changes","status":"passed","title":"falls back to rebuilding the live projection when the live event prefix changes","duration":11.096099999999751,"failureMessages":[],"meta":{}},{"ancestorTitles":["reasoning timeline share-aligned transcript contract"],"fullName":"reasoning timeline share-aligned transcript contract does not accumulate duplicate resolved terminal output when recomputing the same completed run","status":"passed","title":"does not accumulate duplicate resolved terminal output when recomputing the same completed run","duration":11.538200000000415,"failureMessages":[],"meta":{}},{"ancestorTitles":["reasoning timeline share-aligned transcript contract"],"fullName":"reasoning timeline share-aligned transcript contract builds historical archive batches separately from live tail projection","status":"passed","title":"builds historical archive batches separately from live tail projection","duration":7.8520000000003165,"failureMessages":[],"meta":{}},{"ancestorTitles":["reasoning timeline share-aligned transcript contract"],"fullName":"reasoning timeline share-aligned transcript contract keeps deterministic order when accepted events arrive out of order","status":"passed","title":"keeps deterministic order when accepted events arrive out of order","duration":3.4221999999999753,"failureMessages":[],"meta":{}},{"ancestorTitles":["reasoning timeline share-aligned transcript contract"],"fullName":"reasoning timeline share-aligned transcript contract surfaces projection anomalies for terminal reopen conditions","status":"passed","title":"surfaces projection anomalies for terminal reopen conditions","duration":4.859100000000126,"failureMessages":[],"meta":{}},{"ancestorTitles":["reasoning timeline share-aligned transcript contract"],"fullName":"reasoning timeline share-aligned transcript contract captures projection visibility traces for hidden tool fragments without changing visible transcript output","status":"passed","title":"captures projection visibility traces for hidden tool fragments without changing visible transcript output","duration":3.8514000000000124,"failureMessages":[],"meta":{}},{"ancestorTitles":["reasoning timeline share-aligned transcript contract"],"fullName":"reasoning timeline share-aligned transcript contract keeps one assistant node and suppresses ghost user bubbles for adversarial mixed-order SSE","status":"passed","title":"keeps one assistant node and suppresses ghost user bubbles for adversarial mixed-order SSE","duration":6.360000000000127,"failureMessages":[],"meta":{}},{"ancestorTitles":["reasoning timeline share-aligned transcript contract"],"fullName":"reasoning timeline share-aligned transcript contract keeps one stable assistant message per run even when semantic message ids churn","status":"passed","title":"keeps one stable assistant message per run even when semantic message ids churn","duration":4.032999999999902,"failureMessages":[],"meta":{}},{"ancestorTitles":["reasoning timeline share-aligned transcript contract"],"fullName":"reasoning timeline share-aligned transcript contract preserves active assistant identity and sealed history during live tail updates","status":"passed","title":"preserves active assistant identity and sealed history during live tail updates","duration":8.425200000000132,"failureMessages":[],"meta":{}},{"ancestorTitles":["reasoning timeline share-aligned transcript contract"],"fullName":"reasoning timeline share-aligned transcript contract derives conservative timeline and cockpit states from terminal evidence","status":"passed","title":"derives conservative timeline and cockpit states from terminal evidence","duration":1.6739999999999782,"failureMessages":[],"meta":{}},{"ancestorTitles":["reasoning timeline share-aligned transcript contract"],"fullName":"reasoning timeline share-aligned transcript contract maps waiting questions and terminal output card statuses correctly","status":"passed","title":"maps waiting questions and terminal output card statuses correctly","duration":0.40180000000009386,"failureMessages":[],"meta":{}}],"startTime":1777795195056,"endTime":1777795195421.674,"status":"passed","message":"","name":"D:/projects/googlepluginForAiwebassistant/extension/src/sidepanel/reasoningTimeline.test.ts"},{"assertionResults":[{"ancestorTitles":["ReasoningTimeline transcript rendering"],"fullName":"ReasoningTimeline transcript rendering renders transcript parts without avatar-like decoration markup","status":"passed","title":"renders transcript parts without avatar-like decoration markup","duration":256.82699999999977,"failureMessages":[],"meta":{}},{"ancestorTitles":["ReasoningTimeline transcript rendering"],"fullName":"ReasoningTimeline transcript rendering adds role-specific alignment classes for user and assistant messages","status":"passed","title":"adds role-specific alignment classes for user and assistant messages","duration":77.15050000000065,"failureMessages":[],"meta":{}},{"ancestorTitles":["ReasoningTimeline transcript rendering"],"fullName":"ReasoningTimeline transcript rendering renders user prompts as compact cards and assistant content as flat markdown flow","status":"passed","title":"renders user prompts as compact cards and assistant content as flat markdown flow","duration":96.17219999999998,"failureMessages":[],"meta":{}},{"ancestorTitles":["ReasoningTimeline transcript rendering"],"fullName":"ReasoningTimeline transcript rendering renders only supplied session segments without duplicating the current run base transcript","status":"passed","title":"renders only supplied session segments without duplicating the current run base transcript","duration":104.7547999999997,"failureMessages":[],"meta":{}},{"ancestorTitles":["ReasoningTimeline transcript rendering"],"fullName":"ReasoningTimeline transcript rendering renders from stable projected read model without requiring whole-transcript rerender inputs","status":"passed","title":"renders from stable projected read model without requiring whole-transcript rerender inputs","duration":55.40029999999933,"failureMessages":[],"meta":{}},{"ancestorTitles":["ReasoningTimeline transcript rendering"],"fullName":"ReasoningTimeline transcript rendering renders updated live tail from incremental transcript projection debug state","status":"passed","title":"renders updated live tail from incremental transcript projection debug state","duration":71.40369999999984,"failureMessages":[],"meta":{}},{"ancestorTitles":["ReasoningTimeline transcript rendering"],"fullName":"ReasoningTimeline transcript rendering renders final answer after inline reasoning and tool process parts","status":"passed","title":"renders final answer after inline reasoning and tool process parts","duration":65.49039999999968,"failureMessages":[],"meta":{}},{"ancestorTitles":["ReasoningTimeline transcript rendering"],"fullName":"ReasoningTimeline transcript rendering renders one user article and one assistant article with inline process flow for a single run","status":"passed","title":"renders one user article and one assistant article with inline process flow for a single run","duration":63.10289999999986,"failureMessages":[],"meta":{}},{"ancestorTitles":["ReasoningTimeline transcript rendering"],"fullName":"ReasoningTimeline transcript rendering keeps the assistant article stable across streaming growth and terminal finalize","status":"passed","title":"keeps the assistant article stable across streaming growth and terminal finalize","duration":85.29339999999956,"failureMessages":[],"meta":{}},{"ancestorTitles":["ReasoningTimeline transcript rendering"],"fullName":"ReasoningTimeline transcript rendering does not rerender historical list during active tail updates","status":"passed","title":"does not rerender historical list during active tail updates","duration":3522.4402,"failureMessages":[],"meta":{}},{"ancestorTitles":["ReasoningTimeline transcript rendering"],"fullName":"ReasoningTimeline transcript rendering flushes active tail markdown immediately on revision updates and terminal state","status":"passed","title":"flushes active tail markdown immediately on revision updates and terminal state","duration":51.80359999999928,"failureMessages":[],"meta":{}},{"ancestorTitles":["ReasoningTimeline transcript rendering"],"fullName":"ReasoningTimeline transcript rendering keeps scroll detached until latest message button is clicked","status":"passed","title":"keeps scroll detached until latest message button is clicked","duration":66.70739999999932,"failureMessages":[],"meta":{}},{"ancestorTitles":["ReasoningTimeline transcript rendering"],"fullName":"ReasoningTimeline transcript rendering aligns a new live assistant answer to the top of the viewport instead of jumping to the tail","status":"passed","title":"aligns a new live assistant answer to the top of the viewport instead of jumping to the tail","duration":31.94590000000062,"failureMessages":[],"meta":{}},{"ancestorTitles":["ReasoningTimeline transcript rendering"],"fullName":"ReasoningTimeline transcript rendering renders reasoning and suppresses tool parts in the main transcript","status":"passed","title":"renders reasoning and suppresses tool parts in the main transcript","duration":32.792199999999866,"failureMessages":[],"meta":{}},{"ancestorTitles":["ReasoningTimeline transcript rendering"],"fullName":"ReasoningTimeline transcript rendering renders merged assistant text chunks as one displayed assistant message","status":"passed","title":"renders merged assistant text chunks as one displayed assistant message","duration":16.530300000000352,"failureMessages":[],"meta":{}},{"ancestorTitles":["ReasoningTimeline transcript rendering"],"fullName":"ReasoningTimeline transcript rendering keeps exactly one user bubble and one assistant bubble for adversarial mixed-order transcript","status":"passed","title":"keeps exactly one user bubble and one assistant bubble for adversarial mixed-order transcript","duration":37.08560000000034,"failureMessages":[],"meta":{}},{"ancestorTitles":["ReasoningTimeline transcript rendering"],"fullName":"ReasoningTimeline transcript rendering deduplicates adjacent assistant text parts with the same anchor","status":"passed","title":"deduplicates adjacent assistant text parts with the same anchor","duration":17.978300000000672,"failureMessages":[],"meta":{}},{"ancestorTitles":["ReasoningTimeline transcript rendering"],"fullName":"ReasoningTimeline transcript rendering renders one continuous assistant text block when message ids churn before completion","status":"passed","title":"renders one continuous assistant text block when message ids churn before completion","duration":50.59830000000147,"failureMessages":[],"meta":{}},{"ancestorTitles":["ReasoningTimeline transcript rendering"],"fullName":"ReasoningTimeline transcript rendering keeps active assistant DOM boundary stable across tail-only updates","status":"passed","title":"keeps active assistant DOM boundary stable across tail-only updates","duration":47.421800000000076,"failureMessages":[],"meta":{}},{"ancestorTitles":["ReasoningTimeline transcript rendering"],"fullName":"ReasoningTimeline transcript rendering renders exactly one assistant article when one run emits multiple semantic message ids","status":"passed","title":"renders exactly one assistant article when one run emits multiple semantic message ids","duration":44.810999999999694,"failureMessages":[],"meta":{}},{"ancestorTitles":["ReasoningTimeline transcript rendering"],"fullName":"ReasoningTimeline transcript rendering marks transcript messages with actions as focusable hover targets for action visibility","status":"passed","title":"marks transcript messages with actions as focusable hover targets for action visibility","duration":30.335699999999633,"failureMessages":[],"meta":{}},{"ancestorTitles":["ReasoningTimeline transcript rendering"],"fullName":"ReasoningTimeline transcript rendering emits correlated render traces without changing visible transcript rendering","status":"passed","title":"emits correlated render traces without changing visible transcript rendering","duration":26.375,"failureMessages":[],"meta":{}},{"ancestorTitles":["ReasoningTimeline transcript rendering"],"fullName":"ReasoningTimeline transcript rendering keeps transcript action controls hidden by default and reveals them only on hover or focus-within selectors","status":"passed","title":"keeps transcript action controls hidden by default and reveals them only on hover or focus-within selectors","duration":5.589200000000346,"failureMessages":[],"meta":{}},{"ancestorTitles":["ReasoningTimeline transcript rendering"],"fullName":"ReasoningTimeline transcript rendering includes latest-message affordance and conversation viewport styling hooks","status":"passed","title":"includes latest-message affordance and conversation viewport styling hooks","duration":2.05409999999938,"failureMessages":[],"meta":{}},{"ancestorTitles":["ReasoningTimeline transcript rendering"],"fullName":"ReasoningTimeline transcript rendering uses tighter transcript spacing tokens for adjacent messages","status":"passed","title":"uses tighter transcript spacing tokens for adjacent messages","duration":4.123700000000099,"failureMessages":[],"meta":{}}],"startTime":1777795191487,"endTime":1777795196352.1238,"status":"passed","message":"","name":"D:/projects/googlepluginForAiwebassistant/extension/src/sidepanel/reasoningTimelineView.test.tsx"},{"assertionResults":[{"ancestorTitles":["streaming api client"],"fullName":"streaming api client starts run against python adapter endpoint with prompt, capture, and context packaged together","status":"passed","title":"starts run against python adapter endpoint with prompt, capture, and context packaged together","duration":625.5414000000001,"failureMessages":[],"meta":{}},{"ancestorTitles":["streaming api client"],"fullName":"streaming api client submits question answers","status":"passed","title":"submits question answers","duration":25.753899999999703,"failureMessages":[],"meta":{}},{"ancestorTitles":["streaming api client"],"fullName":"streaming api client starts run without capture payload when send is decoupled","status":"passed","title":"starts run without capture payload when send is decoupled","duration":16.534499999999753,"failureMessages":[],"meta":{}},{"ancestorTitles":["streaming api client"],"fullName":"streaming api client submits message feedback","status":"passed","title":"submits message feedback","duration":23.197499999999764,"failureMessages":[],"meta":{}},{"ancestorTitles":["streaming api client"],"fullName":"streaming api client returns failure state for message feedback network errors","status":"passed","title":"returns failure state for message feedback network errors","duration":20.785699999999906,"failureMessages":[],"meta":{}},{"ancestorTitles":["streaming api client"],"fullName":"streaming api client parses incoming SSE messages","status":"passed","title":"parses incoming SSE messages","duration":17.79390000000012,"failureMessages":[],"meta":{}},{"ancestorTitles":["streaming api client"],"fullName":"streaming api client parses incoming raw SSE messages","status":"passed","title":"parses incoming raw SSE messages","duration":23.103900000000067,"failureMessages":[],"meta":{}},{"ancestorTitles":["streaming api client"],"fullName":"streaming api client attaches correlated transport observability traces to normalized events","status":"passed","title":"attaches correlated transport observability traces to normalized events","duration":18.48219999999992,"failureMessages":[],"meta":{}},{"ancestorTitles":["streaming api client"],"fullName":"streaming api client preserves normalized event semantic and tool metadata defined by the shared contract","status":"passed","title":"preserves normalized event semantic and tool metadata defined by the shared contract","duration":19.354699999999866,"failureMessages":[],"meta":{}},{"ancestorTitles":["streaming api client"],"fullName":"streaming api client accepts normalized event semantic metadata with nullable fields","status":"passed","title":"accepts normalized event semantic metadata with nullable fields","duration":15.613299999999981,"failureMessages":[],"meta":{}},{"ancestorTitles":["streaming api client"],"fullName":"streaming api client accepts thinking and result events with question null","status":"passed","title":"accepts thinking and result events with question null","duration":18.513300000000072,"failureMessages":[],"meta":{}},{"ancestorTitles":["streaming api client"],"fullName":"streaming api client accepts events with data null","status":"passed","title":"accepts events with data null","duration":20.45640000000003,"failureMessages":[],"meta":{}},{"ancestorTitles":["streaming api client"],"fullName":"streaming api client accepts events with logData for internal diagnostics","status":"passed","title":"accepts events with logData for internal diagnostics","duration":24.065100000000257,"failureMessages":[],"meta":{}},{"ancestorTitles":["streaming api client"],"fullName":"streaming api client still parses valid question events","status":"passed","title":"still parses valid question events","duration":24.253999999999905,"failureMessages":[],"meta":{}},{"ancestorTitles":["streaming api client"],"fullName":"streaming api client appends api key for sse stream when configured","status":"passed","title":"appends api key for sse stream when configured","duration":21.429499999999734,"failureMessages":[],"meta":{}},{"ancestorTitles":["streaming api client"],"fullName":"streaming api client reports initial SSE connection failure before any open or event","status":"passed","title":"reports initial SSE connection failure before any open or event","duration":15.894400000000132,"failureMessages":[],"meta":{}},{"ancestorTitles":["streaming api client"],"fullName":"streaming api client does not report error after stream has already received events","status":"passed","title":"does not report error after stream has already received events","duration":20.85510000000022,"failureMessages":[],"meta":{}},{"ancestorTitles":["streaming api client"],"fullName":"streaming api client keeps stream open after terminal-looking event so later valid messages still arrive","status":"passed","title":"keeps stream open after terminal-looking event so later valid messages still arrive","duration":14.11409999999978,"failureMessages":[],"meta":{}},{"ancestorTitles":["streaming api client"],"fullName":"streaming api client still allows explicit client close override","status":"passed","title":"still allows explicit client close override","duration":13.976999999999862,"failureMessages":[],"meta":{}},{"ancestorTitles":["streaming api client"],"fullName":"streaming api client returns to streaming after reconnect open event","status":"passed","title":"returns to streaming after reconnect open event","duration":19.679099999999835,"failureMessages":[],"meta":{}},{"ancestorTitles":["streaming api client"],"fullName":"streaming api client emits transport telemetry with canonical identity and reconnect count","status":"passed","title":"emits transport telemetry with canonical identity and reconnect count","duration":14.453300000000127,"failureMessages":[],"meta":{}},{"ancestorTitles":["streaming api client"],"fullName":"streaming api client distinguishes transport parse failures from normalization failures in telemetry","status":"passed","title":"distinguishes transport parse failures from normalization failures in telemetry","duration":16.361499999999978,"failureMessages":[],"meta":{}}],"startTime":1777795190210,"endTime":1777795191241.3616,"status":"passed","message":"","name":"D:/projects/googlepluginForAiwebassistant/extension/src/shared/api.test.ts"},{"assertionResults":[{"ancestorTitles":["extension configuration"],"fullName":"extension configuration uses HTTPS-first defaults in production","status":"passed","title":"uses HTTPS-first defaults in production","duration":10.364800000000287,"failureMessages":[],"meta":{}},{"ancestorTitles":["extension configuration"],"fullName":"extension configuration allows localhost only during development","status":"passed","title":"allows localhost only during development","duration":4.644999999999982,"failureMessages":[],"meta":{}},{"ancestorTitles":["extension configuration"],"fullName":"extension configuration rejects broad host permission","status":"passed","title":"rejects broad host permission","duration":3.5850000000000364,"failureMessages":[],"meta":{}},{"ancestorTitles":["extension configuration"],"fullName":"extension configuration rejects web accessible resource matches outside controlled hosts","status":"passed","title":"rejects web accessible resource matches outside controlled hosts","duration":1.012000000000171,"failureMessages":[],"meta":{}},{"ancestorTitles":["extension configuration"],"fullName":"extension configuration builds manifest from host permission policy","status":"passed","title":"builds manifest from host permission policy","duration":2.61200000000008,"failureMessages":[],"meta":{}}],"startTime":1777795194884,"endTime":1777795194906.612,"status":"passed","message":"","name":"D:/projects/googlepluginForAiwebassistant/extension/src/shared/configuration.test.ts"},{"assertionResults":[{"ancestorTitles":["content script fallback behavior"],"fullName":"content script fallback behavior injects floating button on allowed pages","status":"passed","title":"injects floating button on allowed pages","duration":154.6266999999998,"failureMessages":[],"meta":{}},{"ancestorTitles":["content script fallback behavior"],"fullName":"content script fallback behavior collects fields from runtime supplied rules","status":"passed","title":"collects fields from runtime supplied rules","duration":35.0337999999997,"failureMessages":[],"meta":{}},{"ancestorTitles":["content script fallback behavior"],"fullName":"content script fallback behavior responds to readiness ping","status":"passed","title":"responds to readiness ping","duration":5.653200000000197,"failureMessages":[],"meta":{}},{"ancestorTitles":["content script fallback behavior"],"fullName":"content script fallback behavior extracts username context from page","status":"passed","title":"extracts username context from page","duration":9.82280000000037,"failureMessages":[],"meta":{}}],"startTime":1777795193831,"endTime":1777795194039.8228,"status":"passed","message":"","name":"D:/projects/googlepluginForAiwebassistant/extension/src/shared/contentScriptHarness.test.ts"},{"assertionResults":[{"ancestorTitles":["indexedDB history store"],"fullName":"indexedDB history store persists run, events and answers","status":"passed","title":"persists run, events and answers","duration":7.102699999999913,"failureMessages":[],"meta":{}},{"ancestorTitles":["indexedDB history store"],"fullName":"indexedDB history store keeps sequence-advancing delta events while suppressing same-sequence replays","status":"passed","title":"keeps sequence-advancing delta events while suppressing same-sequence replays","duration":3.2934000000000196,"failureMessages":[],"meta":{}}],"startTime":1777795201133,"endTime":1777795201144.2935,"status":"passed","message":"","name":"D:/projects/googlepluginForAiwebassistant/extension/src/shared/history.test.ts"},{"assertionResults":[{"ancestorTitles":["main agent catalog"],"fullName":"main agent catalog loads the shared catalog and exposes the single supported agent","status":"passed","title":"loads the shared catalog and exposes the single supported agent","duration":19.44990000000007,"failureMessages":[],"meta":{}}],"startTime":1777795199453,"endTime":1777795199472.45,"status":"passed","message":"","name":"D:/projects/googlepluginForAiwebassistant/extension/src/shared/mainAgents.test.ts"},{"assertionResults":[{"ancestorTitles":["page access guard"],"fullName":"page access guard detects restricted browser pages","status":"passed","title":"detects restricted browser pages","duration":4.871599999999944,"failureMessages":[],"meta":{}},{"ancestorTitles":["page access guard"],"fullName":"page access guard matches exact and wildcard host patterns","status":"passed","title":"matches exact and wildcard host patterns","duration":3.150699999999688,"failureMessages":[],"meta":{}},{"ancestorTitles":["page access guard"],"fullName":"page access guard returns restricted page error for chrome pages","status":"passed","title":"returns restricted page error for chrome pages","duration":2.4481000000000677,"failureMessages":[],"meta":{}},{"ancestorTitles":["page access guard"],"fullName":"page access guard returns permission error for non-whitelisted pages","status":"passed","title":"returns permission error for non-whitelisted pages","duration":1.3202000000001135,"failureMessages":[],"meta":{}},{"ancestorTitles":["page access guard"],"fullName":"page access guard builds origin permission pattern from page url","status":"passed","title":"builds origin permission pattern from page url","duration":1.1601000000000568,"failureMessages":[],"meta":{}}],"startTime":1777795198323,"endTime":1777795198336.1602,"status":"passed","message":"","name":"D:/projects/googlepluginForAiwebassistant/extension/src/shared/pageAccess.test.ts"},{"assertionResults":[{"ancestorTitles":["configurable page rules"],"fullName":"configurable page rules matches wildcard hostname and path rules","status":"passed","title":"matches wildcard hostname and path rules","duration":8.496899999999641,"failureMessages":[],"meta":{}},{"ancestorTitles":["configurable page rules"],"fullName":"configurable page rules collects fields from configured field rules","status":"passed","title":"collects fields from configured field rules","duration":68.15049999999974,"failureMessages":[],"meta":{}},{"ancestorTitles":["configurable page rules"],"fullName":"configurable page rules persists rule changes via storage helpers","status":"passed","title":"persists rule changes via storage helpers","duration":1.8023000000002867,"failureMessages":[],"meta":{}}],"startTime":1777795198555,"endTime":1777795198633.8022,"status":"passed","message":"","name":"D:/projects/googlepluginForAiwebassistant/extension/src/shared/rules.test.ts"},{"assertionResults":[{"ancestorTitles":["extractUsernameContext"],"fullName":"extractUsernameContext extracts from data attribute first","status":"passed","title":"extracts from data attribute first","duration":38.263600000000224,"failureMessages":[],"meta":{}},{"ancestorTitles":["extractUsernameContext"],"fullName":"extractUsernameContext falls back to globals then unknown","status":"passed","title":"falls back to globals then unknown","duration":17.151900000000296,"failureMessages":[],"meta":{}}],"startTime":1777795199233,"endTime":1777795199288.1519,"status":"passed","message":"","name":"D:/projects/googlepluginForAiwebassistant/extension/src/shared/username.test.ts"}]}